<?xml version="1.0" encoding="UTF-8"?>
<!-- Generated by org.testng.reporters.JUnitXMLReporter -->
<testsuite hostname="CTLINDT-0133" name="Default test" tests="5" failures="0" timestamp="27 Mar 2020 13:56:11 GMT" time="258.55" errors="0">
  <testcase name="careSuite2" time="135.384" classname="Automation.winAppDriver.careSuiteApp"/>
  <testcase name="careSuite3" time="32.928" classname="Automation.winAppDriver.careSuiteApp"/>
  <testcase name="careSuite5" time="23.844" classname="Automation.winAppDriver.careSuiteApp"/>
  <testcase name="careSuite6" time="15.417" classname="Automation.winAppDriver.careSuiteApp"/>
  <testcase name="careSuite7" time="23.212" classname="Automation.winAppDriver.careSuiteApp"/>
</testsuite> <!-- Default test -->
